Build started 12.06.2014 20:10:50.
     1>Project "C:\Users\GeneralGod\Documents\GitHub\BBase_Console\kurs_2013\kurs_2013\kurs_2013.vcxproj" on node 2 (Build target(s)).
     1>ClCompile:
         C:\Program Files\Microsoft Visual Studio 12.0\VC\bin\CL.exe /c /ZI /nologo /W3 /WX- /sdl /Od /Oy- /D WIN32 /D _DEBUG /D _CONSOLE /D _LIB /D _MBCS /Gm /EHsc /RTC1 /MDd /GS /fp:precise /Zc:wchar_t /Zc:forScope /Fo"Debug\\" /Fd"Debug\vc120.pdb" /FR"Debug\\" /Gd /TP /analyze- /errorReport:prompt kurs_2013.cpp
         kurs_2013.cpp
     1>c:\users\generalgod\documents\github\bbase_console\kurs_2013\kurs_2013\kurs_2013.cpp(49): warning C4018: '<' : signed/unsigned mismatch
     1>c:\users\generalgod\documents\github\bbase_console\kurs_2013\kurs_2013\kurs_2013.cpp(57): warning C4018: '<' : signed/unsigned mismatch
     1>c:\users\generalgod\documents\github\bbase_console\kurs_2013\kurs_2013\kurs_2013.cpp(65): warning C4018: '<' : signed/unsigned mismatch
     1>c:\users\generalgod\documents\github\bbase_console\kurs_2013\kurs_2013\kurs_2013.cpp(74): warning C4018: '<' : signed/unsigned mismatch
     1>c:\users\generalgod\documents\github\bbase_console\kurs_2013\kurs_2013\kurs_2013.cpp(124): warning C4101: 'doo' : unreferenced local variable
     1>c:\users\generalgod\documents\github\bbase_console\kurs_2013\kurs_2013\kurs_2013.cpp(173): warning C4018: '<' : signed/unsigned mismatch
     1>c:\users\generalgod\documents\github\bbase_console\kurs_2013\kurs_2013\kurs_2013.cpp(193): warning C4018: '<' : signed/unsigned mismatch
     1>c:\users\generalgod\documents\github\bbase_console\kurs_2013\kurs_2013\kurs_2013.cpp(637): warning C4244: 'argument' : conversion from 'double' to 'int', possible loss of data
     1>c:\users\generalgod\documents\github\bbase_console\kurs_2013\kurs_2013\kurs_2013.cpp(210): warning C4715: 'profit' : not all control paths return a value
       Link:
         C:\Program Files\Microsoft Visual Studio 12.0\VC\bin\link.exe /ERRORREPORT:PROMPT /OUT:"C:\Users\GeneralGod\Documents\GitHub\BBase_Console\kurs_2013\Debug\kurs_2013.exe" /INCREMENTAL /NOLOGO kernel32.lib user32.lib gdi32.lib winspool.lib comdlg32.lib advapi32.lib shell32.lib ole32.lib oleaut32.lib uuid.lib odbc32.lib odbccp32.lib /MANIFEST /MANIFESTUAC:"level='asInvoker' uiAccess='false'" /manifest:embed /DEBUG /PDB:"C:\Users\GeneralGod\Documents\GitHub\BBase_Console\kurs_2013\Debug\kurs_2013.pdb" /SUBSYSTEM:CONSOLE /TLBID:1 /DYNAMICBASE /NXCOMPAT /IMPLIB:"C:\Users\GeneralGod\Documents\GitHub\BBase_Console\kurs_2013\Debug\kurs_2013.lib" /MACHINE:X86 Debug\fruit.obj
         Debug\kurs_2013.obj
         Debug\ovos.obj
         Debug\Password.obj
         Debug\stdafx.obj
         Debug\sybd.obj
         kurs_2013.vcxproj -> C:\Users\GeneralGod\Documents\GitHub\BBase_Console\kurs_2013\Debug\kurs_2013.exe
       BscMake:
         C:\Program Files\Microsoft Visual Studio 12.0\VC\bin\bscmake.exe /nologo /o"C:\Users\GeneralGod\Documents\GitHub\BBase_Console\kurs_2013\Debug\kurs_2013.bsc" /n Debug\fruit.sbr Debug\kurs_2013.sbr Debug\ovos.sbr Debug\Password.sbr Debug\stdafx.sbr Debug\sybd.sbr
     1>Done Building Project "C:\Users\GeneralGod\Documents\GitHub\BBase_Console\kurs_2013\kurs_2013\kurs_2013.vcxproj" (Build target(s)).

Build succeeded.

Time Elapsed 00:00:15.62
